0 info it worked if it ends with ok
1 verbose cli [ 'node',
1 verbose cli   '/usr/local/bin/npm',
1 verbose cli   'install',
1 verbose cli   '-g',
1 verbose cli   'marked',
1 verbose cli   '--save' ]
2 info using npm@1.4.28
3 info using node@v0.10.33
4 verbose cache add [ 'marked', null ]
5 verbose cache add name=undefined spec="marked" args=["marked",null]
6 verbose parsed url { protocol: null,
6 verbose parsed url   slashes: null,
6 verbose parsed url   auth: null,
6 verbose parsed url   host: null,
6 verbose parsed url   port: null,
6 verbose parsed url   hostname: null,
6 verbose parsed url   hash: null,
6 verbose parsed url   search: null,
6 verbose parsed url   query: null,
6 verbose parsed url   pathname: 'marked',
6 verbose parsed url   path: 'marked',
6 verbose parsed url   href: 'marked' }
7 silly lockFile 8fb3697a-marked marked
8 verbose lock marked /Users/matt/.npm/8fb3697a-marked.lock
9 silly lockFile 8fb3697a-marked marked
10 silly lockFile 8fb3697a-marked marked
11 verbose addNamed [ 'marked', '' ]
12 verbose addNamed [ null, '*' ]
13 silly lockFile 855ceee8-marked marked@
14 verbose lock marked@ /Users/matt/.npm/855ceee8-marked.lock
15 silly addNameRange { name: 'marked', range: '*', hasData: false }
16 verbose request where is /marked
17 verbose request registry https://registry.npmjs.org/
18 verbose request id 28113a4eb015ee69
19 verbose url raw /marked
20 verbose url resolving [ 'https://registry.npmjs.org/', './marked' ]
21 verbose url resolved https://registry.npmjs.org/marked
22 verbose request where is https://registry.npmjs.org/marked
23 info trying registry request attempt 1 at 15:10:09
24 verbose etag "B7NGGR999883OM0EXTSPQNM07"
25 http GET https://registry.npmjs.org/marked
26 http 304 https://registry.npmjs.org/marked
27 silly registry.get cb [ 304,
27 silly registry.get   { date: 'Sun, 01 Mar 2015 21:10:09 GMT',
27 silly registry.get     server: 'Apache',
27 silly registry.get     via: '1.1 varnish',
27 silly registry.get     'last-modified': 'Sun, 01 Mar 2015 21:10:09 GMT',
27 silly registry.get     'cache-control': 'max-age=60',
27 silly registry.get     etag: '"B7NGGR999883OM0EXTSPQNM07"',
27 silly registry.get     age: '10',
27 silly registry.get     'x-served-by': 'cache-ord1729-ORD',
27 silly registry.get     'x-cache': 'HIT',
27 silly registry.get     'x-cache-hits': '1',
27 silly registry.get     'x-timer': 'S1425244209.222618,VS0,VE0',
27 silly registry.get     vary: 'Accept',
27 silly registry.get     'content-length': '0',
27 silly registry.get     'keep-alive': 'timeout=10, max=50',
27 silly registry.get     connection: 'Keep-Alive' } ]
28 verbose etag https://registry.npmjs.org/marked from cache
29 silly addNameRange number 2 { name: 'marked', range: '*', hasData: true }
30 silly addNameRange versions [ 'marked',
30 silly addNameRange   [ '0.0.1',
30 silly addNameRange     '0.0.2',
30 silly addNameRange     '0.0.3',
30 silly addNameRange     '0.0.4',
30 silly addNameRange     '0.0.5',
30 silly addNameRange     '0.0.6',
30 silly addNameRange     '0.0.7',
30 silly addNameRange     '0.0.8',
30 silly addNameRange     '0.0.9',
30 silly addNameRange     '0.1.0',
30 silly addNameRange     '0.1.1',
30 silly addNameRange     '0.1.2',
30 silly addNameRange     '0.1.3',
30 silly addNameRange     '0.1.4',
30 silly addNameRange     '0.1.5',
30 silly addNameRange     '0.1.6',
30 silly addNameRange     '0.1.7',
30 silly addNameRange     '0.1.8',
30 silly addNameRange     '0.1.9',
30 silly addNameRange     '0.2.0',
30 silly addNameRange     '0.2.1',
30 silly addNameRange     '0.2.2',
30 silly addNameRange     '0.2.2-1',
30 silly addNameRange     '0.2.3',
30 silly addNameRange     '0.2.4',
30 silly addNameRange     '0.2.4-1',
30 silly addNameRange     '0.2.5',
30 silly addNameRange     '0.2.6',
30 silly addNameRange     '0.2.7',
30 silly addNameRange     '0.2.8',
30 silly addNameRange     '0.2.9',
30 silly addNameRange     '0.2.10',
30 silly addNameRange     '0.3.0',
30 silly addNameRange     '0.3.1',
30 silly addNameRange     '0.3.2',
30 silly addNameRange     '0.3.3' ] ]
31 verbose addNamed [ 'marked', '0.3.3' ]
32 verbose addNamed [ '0.3.3', '0.3.3' ]
33 silly lockFile 1cfdfce5-marked-0-3-3 marked@0.3.3
34 verbose lock marked@0.3.3 /Users/matt/.npm/1cfdfce5-marked-0-3-3.lock
35 silly lockFile 1cfdfce5-marked-0-3-3 marked@0.3.3
36 silly lockFile 1cfdfce5-marked-0-3-3 marked@0.3.3
37 silly lockFile 855ceee8-marked marked@
38 silly lockFile 855ceee8-marked marked@
39 silly resolved [ { name: 'marked',
39 silly resolved     description: 'A markdown parser built for speed',
39 silly resolved     author: { name: 'Christopher Jeffrey' },
39 silly resolved     version: '0.3.3',
39 silly resolved     main: './lib/marked.js',
39 silly resolved     bin: { marked: './bin/marked' },
39 silly resolved     man: [ './man/marked.1' ],
39 silly resolved     preferGlobal: true,
39 silly resolved     repository: { type: 'git', url: 'git://github.com/chjj/marked.git' },
39 silly resolved     homepage: 'https://github.com/chjj/marked',
39 silly resolved     bugs: { url: 'http://github.com/chjj/marked/issues' },
39 silly resolved     license: 'MIT',
39 silly resolved     keywords: [ 'markdown', 'markup', 'html' ],
39 silly resolved     tags: [ 'markdown', 'markup', 'html' ],
39 silly resolved     devDependencies: { markdown: '*', showdown: '*', robotskirt: '*' },
39 silly resolved     scripts: { test: 'node test', bench: 'node test --bench' },
39 silly resolved     gitHead: '2b5802f258c5e23e48366f2377fbb4c807f47658',
39 silly resolved     _id: 'marked@0.3.3',
39 silly resolved     _shasum: '08bad9cac13736f6cceddc202344f1b0bf255390',
39 silly resolved     _from: 'marked@',
39 silly resolved     _npmVersion: '2.3.0',
39 silly resolved     _nodeVersion: '0.10.35',
39 silly resolved     _npmUser: { name: 'chjj', email: 'chjjeffrey@gmail.com' },
39 silly resolved     maintainers: [ [Object] ],
39 silly resolved     dist:
39 silly resolved      { shasum: '08bad9cac13736f6cceddc202344f1b0bf255390',
39 silly resolved        tarball: 'http://registry.npmjs.org/marked/-/marked-0.3.3.tgz' },
39 silly resolved     directories: {},
39 silly resolved     _resolved: 'https://registry.npmjs.org/marked/-/marked-0.3.3.tgz',
39 silly resolved     readme: 'ERROR: No README data found!' } ]
40 info install marked@0.3.3 into /usr/local/lib
41 info installOne marked@0.3.3
42 verbose lib/node_modules/marked unbuild
43 verbose tar unpack /Users/matt/.npm/marked/0.3.3/package.tgz
44 silly lockFile 5ce834e1-sr-local-lib-node-modules-marked tar:///usr/local/lib/node_modules/marked
45 verbose lock tar:///usr/local/lib/node_modules/marked /Users/matt/.npm/5ce834e1-sr-local-lib-node-modules-marked.lock
46 silly lockFile f31d4513-att-npm-marked-0-3-3-package-tgz tar:///Users/matt/.npm/marked/0.3.3/package.tgz
47 verbose lock tar:///Users/matt/.npm/marked/0.3.3/package.tgz /Users/matt/.npm/f31d4513-att-npm-marked-0-3-3-package-tgz.lock
48 silly gunzTarPerm modes [ '755', '644' ]
49 error Error: EACCES, mkdir '/usr/local/lib/node_modules/marked'
49 error  { [Error: EACCES, mkdir '/usr/local/lib/node_modules/marked']
49 error   errno: 3,
49 error   code: 'EACCES',
49 error   path: '/usr/local/lib/node_modules/marked',
49 error   fstream_type: 'Directory',
49 error   fstream_path: '/usr/local/lib/node_modules/marked',
49 error   fstream_class: 'DirWriter',
49 error   fstream_stack:
49 error    [ '/usr/local/lib/node_modules/npm/node_modules/fstream/lib/dir-writer.js:36:23',
49 error      '/usr/local/lib/node_modules/npm/node_modules/mkdirp/index.js:46:53',
49 error      'Object.oncomplete (fs.js:107:15)' ] }
50 error Please try running this command again as root/Administrator.
51 error System Darwin 14.1.0
52 error command "node" "/usr/local/bin/npm" "install" "-g" "marked" "--save"
53 error cwd /Users/matt/Documents/Repositories/desert-chicago-njs
54 error node -v v0.10.33
55 error npm -v 1.4.28
56 error path /usr/local/lib/node_modules/marked
57 error fstream_path /usr/local/lib/node_modules/marked
58 error fstream_type Directory
59 error fstream_class DirWriter
60 error code EACCES
61 error errno 3
62 error stack Error: EACCES, mkdir '/usr/local/lib/node_modules/marked'
63 error fstream_stack /usr/local/lib/node_modules/npm/node_modules/fstream/lib/dir-writer.js:36:23
63 error fstream_stack /usr/local/lib/node_modules/npm/node_modules/mkdirp/index.js:46:53
63 error fstream_stack Object.oncomplete (fs.js:107:15)
64 verbose exit [ 3, true ]
